{"/home/avuong22699/OpenSource/server/server.ts": {"path":"/home/avuong22699/OpenSource/server/server.ts","statementMap":{"0":{"start":{"line":1,"column":0},"end":{"line":1,"column":30}},"1":{"start":{"line":4,"column":0},"end":{"line":4,"column":44}},"2":{"start":{"line":6,"column":13},"end":{"line":6,"column":17}},"3":{"start":{"line":8,"column":12},"end":{"line":8,"column":21}},"4":{"start":{"line":9,"column":0},"end":{"line":9,"column":24}},"5":{"start":{"line":11,"column":0},"end":{"line":11,"column":27}},"6":{"start":{"line":13,"column":0},"end":{"line":15,"column":3}},"7":{"start":{"line":14,"column":4},"end":{"line":14,"column":24}},"8":{"start":{"line":17,"column":0},"end":{"line":27,"column":3}},"9":{"start":{"line":18,"column":23},"end":{"line":22,"column":6}},"10":{"start":{"line":23,"column":21},"end":{"line":23,"column":55}},"11":{"start":{"line":24,"column":4},"end":{"line":24,"column":30}},"12":{"start":{"line":25,"column":4},"end":{"line":25,"column":21}},"13":{"start":{"line":26,"column":4},"end":{"line":26,"column":62}},"14":{"start":{"line":29,"column":0},"end":{"line":33,"column":null}},"15":{"start":{"line":30,"column":0},"end":{"line":32,"column":3}},"16":{"start":{"line":31,"column":4},"end":{"line":31,"column":49}},"17":{"start":{"line":34,"column":0},"end":{"line":34,"column":null}}},"fnMap":{"0":{"name":"(anonymous_1)","decl":{"start":{"line":13,"column":8},"end":{"line":13,"column":9}},"loc":{"start":{"line":13,"column":21},"end":{"line":15,"column":1}}},"1":{"name":"(anonymous_2)","decl":{"start":{"line":17,"column":8},"end":{"line":17,"column":9}},"loc":{"start":{"line":17,"column":78},"end":{"line":27,"column":1}}},"2":{"name":"(anonymous_3)","decl":{"start":{"line":30,"column":17},"end":{"line":30,"column":20}},"loc":{"start":{"line":30,"column":22},"end":{"line":32,"column":1}}}},"branchMap":{"0":{"loc":{"start":{"line":29,"column":0},"end":{"line":33,"column":null}},"type":"if","locations":[{"start":{"line":29,"column":0},"end":{"line":33,"column":null}}]}},"s":{"0":1,"1":1,"2":1,"3":1,"4":1,"5":1,"6":1,"7":1,"8":1,"9":6,"10":6,"11":6,"12":6,"13":6,"14":1,"15":0,"16":0,"17":1},"f":{"0":1,"1":6,"2":0},"b":{"0":[0]}}
,"/home/avuong22699/OpenSource/server/controllers/clusterController.ts": {"path":"/home/avuong22699/OpenSource/server/controllers/clusterController.ts","statementMap":{"0":{"start":{"line":1,"column":0},"end":{"line":1,"column":47}},"1":{"start":{"line":2,"column":0},"end":{"line":2,"column":20}},"2":{"start":{"line":7,"column":45},"end":{"line":191,"column":null}},"3":{"start":{"line":8,"column":74},"end":{"line":30,"column":null}},"4":{"start":{"line":10,"column":24},"end":{"line":10,"column":62}},"5":{"start":{"line":11,"column":25},"end":{"line":11,"column":39}},"6":{"start":{"line":13,"column":8},"end":{"line":29,"column":null}},"7":{"start":{"line":15,"column":35},"end":{"line":15,"column":65}},"8":{"start":{"line":17,"column":23},"end":{"line":17,"column":43}},"9":{"start":{"line":18,"column":12},"end":{"line":18,"column":44}},"10":{"start":{"line":20,"column":12},"end":{"line":20,"column":55}},"11":{"start":{"line":20,"column":25},"end":{"line":20,"column":55}},"12":{"start":{"line":21,"column":12},"end":{"line":21,"column":63}},"13":{"start":{"line":22,"column":12},"end":{"line":22,"column":51}},"14":{"start":{"line":23,"column":12},"end":{"line":23,"column":64}},"15":{"start":{"line":24,"column":12},"end":{"line":24,"column":65}},"16":{"start":{"line":25,"column":12},"end":{"line":25,"column":71}},"17":{"start":{"line":26,"column":12},"end":{"line":26,"column":26}},"18":{"start":{"line":28,"column":12},"end":{"line":28,"column":null}},"19":{"start":{"line":31,"column":74},"end":{"line":61,"column":null}},"20":{"start":{"line":32,"column":27},"end":{"line":32,"column":37}},"21":{"start":{"line":33,"column":8},"end":{"line":60,"column":null}},"22":{"start":{"line":34,"column":27},"end":{"line":34,"column":65}},"23":{"start":{"line":35,"column":25},"end":{"line":51,"column":14}},"24":{"start":{"line":36,"column":49},"end":{"line":36,"column":67}},"25":{"start":{"line":37,"column":64},"end":{"line":37,"column":78}},"26":{"start":{"line":38,"column":53},"end":{"line":38,"column":69}},"27":{"start":{"line":40,"column":39},"end":{"line":40,"column":129}},"28":{"start":{"line":40,"column":108},"end":{"line":40,"column":122}},"29":{"start":{"line":41,"column":16},"end":{"line":50,"column":18}},"30":{"start":{"line":52,"column":12},"end":{"line":52,"column":35}},"31":{"start":{"line":53,"column":12},"end":{"line":53,"column":26}},"32":{"start":{"line":55,"column":12},"end":{"line":59,"column":15}},"33":{"start":{"line":62,"column":75},"end":{"line":88,"column":null}},"34":{"start":{"line":63,"column":27},"end":{"line":63,"column":37}},"35":{"start":{"line":64,"column":8},"end":{"line":87,"column":null}},"36":{"start":{"line":65,"column":27},"end":{"line":65,"column":50}},"37":{"start":{"line":66,"column":26},"end":{"line":78,"column":14}},"38":{"start":{"line":67,"column":46},"end":{"line":67,"column":65}},"39":{"start":{"line":68,"column":72},"end":{"line":68,"column":89}},"40":{"start":{"line":69,"column":16},"end":{"line":77,"column":18}},"41":{"start":{"line":79,"column":12},"end":{"line":79,"column":37}},"42":{"start":{"line":80,"column":12},"end":{"line":80,"column":26}},"43":{"start":{"line":82,"column":12},"end":{"line":86,"column":15}},"44":{"start":{"line":89,"column":80},"end":{"line":115,"column":null}},"45":{"start":{"line":90,"column":27},"end":{"line":90,"column":37}},"46":{"start":{"line":91,"column":8},"end":{"line":114,"column":null}},"47":{"start":{"line":92,"column":27},"end":{"line":92,"column":55}},"48":{"start":{"line":93,"column":31},"end":{"line":105,"column":18}},"49":{"start":{"line":95,"column":33},"end":{"line":95,"column":57}},"50":{"start":{"line":97,"column":20},"end":{"line":97,"column":177}},"51":{"start":{"line":100,"column":41},"end":{"line":100,"column":50}},"52":{"start":{"line":101,"column":20},"end":{"line":104,"column":null}},"53":{"start":{"line":106,"column":12},"end":{"line":106,"column":47}},"54":{"start":{"line":107,"column":12},"end":{"line":107,"column":26}},"55":{"start":{"line":109,"column":12},"end":{"line":113,"column":15}},"56":{"start":{"line":116,"column":78},"end":{"line":146,"column":null}},"57":{"start":{"line":117,"column":27},"end":{"line":117,"column":37}},"58":{"start":{"line":118,"column":8},"end":{"line":145,"column":null}},"59":{"start":{"line":119,"column":27},"end":{"line":119,"column":69}},"60":{"start":{"line":120,"column":29},"end":{"line":136,"column":18}},"61":{"start":{"line":122,"column":53},"end":{"line":122,"column":75}},"62":{"start":{"line":123,"column":56},"end":{"line":123,"column":74}},"63":{"start":{"line":124,"column":32},"end":{"line":124,"column":75}},"64":{"start":{"line":125,"column":38},"end":{"line":125,"column":48}},"65":{"start":{"line":127,"column":20},"end":{"line":135,"column":null}},"66":{"start":{"line":137,"column":12},"end":{"line":137,"column":43}},"67":{"start":{"line":138,"column":12},"end":{"line":138,"column":26}},"68":{"start":{"line":140,"column":12},"end":{"line":144,"column":15}},"69":{"start":{"line":147,"column":81},"end":{"line":175,"column":null}},"70":{"start":{"line":148,"column":28},"end":{"line":148,"column":38}},"71":{"start":{"line":149,"column":8},"end":{"line":174,"column":null}},"72":{"start":{"line":150,"column":27},"end":{"line":150,"column":73}},"73":{"start":{"line":151,"column":32},"end":{"line":165,"column":18}},"74":{"start":{"line":153,"column":53},"end":{"line":153,"column":78}},"75":{"start":{"line":154,"column":41},"end":{"line":154,"column":62}},"76":{"start":{"line":155,"column":37},"end":{"line":155,"column":51}},"77":{"start":{"line":156,"column":50},"end":{"line":156,"column":73}},"78":{"start":{"line":158,"column":20},"end":{"line":164,"column":null}},"79":{"start":{"line":166,"column":12},"end":{"line":166,"column":49}},"80":{"start":{"line":167,"column":12},"end":{"line":167,"column":26}},"81":{"start":{"line":169,"column":12},"end":{"line":173,"column":15}},"82":{"start":{"line":177,"column":79},"end":{"line":190,"column":null}},"83":{"start":{"line":178,"column":28},"end":{"line":178,"column":38}},"84":{"start":{"line":179,"column":8},"end":{"line":189,"column":null}},"85":{"start":{"line":180,"column":27},"end":{"line":180,"column":70}},"86":{"start":{"line":181,"column":12},"end":{"line":181,"column":42}},"87":{"start":{"line":182,"column":12},"end":{"line":182,"column":26}},"88":{"start":{"line":184,"column":12},"end":{"line":188,"column":null}},"89":{"start":{"line":193,"column":0},"end":{"line":193,"column":33}}},"fnMap":{"0":{"name":"(anonymous_14)","decl":{"start":{"line":8,"column":16},"end":{"line":8,"column":23}},"loc":{"start":{"line":8,"column":74},"end":{"line":30,"column":null}}},"1":{"name":"(anonymous_15)","decl":{"start":{"line":8,"column":74},"end":{"line":8,"column":null}},"loc":{"start":{"line":8,"column":74},"end":{"line":30,"column":5}}},"2":{"name":"(anonymous_16)","decl":{"start":{"line":31,"column":16},"end":{"line":31,"column":23}},"loc":{"start":{"line":31,"column":74},"end":{"line":61,"column":null}}},"3":{"name":"(anonymous_17)","decl":{"start":{"line":31,"column":74},"end":{"line":31,"column":null}},"loc":{"start":{"line":31,"column":74},"end":{"line":61,"column":5}}},"4":{"name":"(anonymous_18)","decl":{"start":{"line":35,"column":47},"end":{"line":35,"column":48}},"loc":{"start":{"line":35,"column":66},"end":{"line":51,"column":13}}},"5":{"name":"(anonymous_19)","decl":{"start":{"line":40,"column":81},"end":{"line":40,"column":82}},"loc":{"start":{"line":40,"column":108},"end":{"line":40,"column":122}}},"6":{"name":"(anonymous_20)","decl":{"start":{"line":62,"column":17},"end":{"line":62,"column":24}},"loc":{"start":{"line":62,"column":75},"end":{"line":88,"column":null}}},"7":{"name":"(anonymous_21)","decl":{"start":{"line":62,"column":75},"end":{"line":62,"column":null}},"loc":{"start":{"line":62,"column":75},"end":{"line":88,"column":5}}},"8":{"name":"(anonymous_22)","decl":{"start":{"line":66,"column":48},"end":{"line":66,"column":49}},"loc":{"start":{"line":66,"column":68},"end":{"line":78,"column":13}}},"9":{"name":"(anonymous_23)","decl":{"start":{"line":89,"column":22},"end":{"line":89,"column":29}},"loc":{"start":{"line":89,"column":80},"end":{"line":115,"column":null}}},"10":{"name":"(anonymous_24)","decl":{"start":{"line":89,"column":80},"end":{"line":89,"column":null}},"loc":{"start":{"line":89,"column":80},"end":{"line":115,"column":5}}},"11":{"name":"(anonymous_25)","decl":{"start":{"line":94,"column":24},"end":{"line":94,"column":25}},"loc":{"start":{"line":94,"column":49},"end":{"line":98,"column":17}}},"12":{"name":"(anonymous_26)","decl":{"start":{"line":99,"column":21},"end":{"line":99,"column":22}},"loc":{"start":{"line":99,"column":46},"end":{"line":105,"column":17}}},"13":{"name":"(anonymous_27)","decl":{"start":{"line":116,"column":20},"end":{"line":116,"column":27}},"loc":{"start":{"line":116,"column":78},"end":{"line":146,"column":null}}},"14":{"name":"(anonymous_28)","decl":{"start":{"line":116,"column":78},"end":{"line":116,"column":null}},"loc":{"start":{"line":116,"column":78},"end":{"line":146,"column":5}}},"15":{"name":"(anonymous_29)","decl":{"start":{"line":121,"column":21},"end":{"line":121,"column":22}},"loc":{"start":{"line":121,"column":44},"end":{"line":136,"column":17}}},"16":{"name":"(anonymous_30)","decl":{"start":{"line":147,"column":23},"end":{"line":147,"column":30}},"loc":{"start":{"line":147,"column":81},"end":{"line":175,"column":null}}},"17":{"name":"(anonymous_31)","decl":{"start":{"line":147,"column":81},"end":{"line":147,"column":null}},"loc":{"start":{"line":147,"column":81},"end":{"line":175,"column":5}}},"18":{"name":"(anonymous_32)","decl":{"start":{"line":152,"column":21},"end":{"line":152,"column":22}},"loc":{"start":{"line":152,"column":47},"end":{"line":165,"column":17}}},"19":{"name":"(anonymous_33)","decl":{"start":{"line":177,"column":21},"end":{"line":177,"column":28}},"loc":{"start":{"line":177,"column":79},"end":{"line":190,"column":null}}},"20":{"name":"(anonymous_34)","decl":{"start":{"line":177,"column":79},"end":{"line":177,"column":null}},"loc":{"start":{"line":177,"column":79},"end":{"line":190,"column":5}}}},"branchMap":{"0":{"loc":{"start":{"line":20,"column":12},"end":{"line":20,"column":55}},"type":"if","locations":[{"start":{"line":20,"column":12},"end":{"line":20,"column":55}}]},"1":{"loc":{"start":{"line":36,"column":49},"end":{"line":36,"column":67}},"type":"binary-expr","locations":[{"start":{"line":36,"column":49},"end":{"line":36,"column":61}},{"start":{"line":36,"column":65},"end":{"line":36,"column":67}}]},"2":{"loc":{"start":{"line":37,"column":64},"end":{"line":37,"column":78}},"type":"binary-expr","locations":[{"start":{"line":37,"column":64},"end":{"line":37,"column":72}},{"start":{"line":37,"column":76},"end":{"line":37,"column":78}}]},"3":{"loc":{"start":{"line":38,"column":53},"end":{"line":38,"column":69}},"type":"binary-expr","locations":[{"start":{"line":38,"column":53},"end":{"line":38,"column":63}},{"start":{"line":38,"column":67},"end":{"line":38,"column":69}}]},"4":{"loc":{"start":{"line":40,"column":39},"end":{"line":40,"column":129}},"type":"cond-expr","locations":[{"start":{"line":40,"column":59},"end":{"line":40,"column":124}},{"start":{"line":40,"column":127},"end":{"line":40,"column":129}}]},"5":{"loc":{"start":{"line":67,"column":46},"end":{"line":67,"column":65}},"type":"binary-expr","locations":[{"start":{"line":67,"column":46},"end":{"line":67,"column":59}},{"start":{"line":67,"column":63},"end":{"line":67,"column":65}}]},"6":{"loc":{"start":{"line":68,"column":72},"end":{"line":68,"column":89}},"type":"binary-expr","locations":[{"start":{"line":68,"column":72},"end":{"line":68,"column":83}},{"start":{"line":68,"column":87},"end":{"line":68,"column":89}}]},"7":{"loc":{"start":{"line":95,"column":33},"end":{"line":95,"column":57}},"type":"cond-expr","locations":[{"start":{"line":95,"column":51},"end":{"line":95,"column":53}},{"start":{"line":95,"column":51},"end":{"line":95,"column":57}}]},"8":{"loc":{"start":{"line":95,"column":33},"end":{"line":95,"column":53}},"type":"binary-expr","locations":[{"start":{"line":95,"column":33},"end":{"line":95,"column":53}},{"start":{"line":95,"column":51},"end":{"line":95,"column":53}}]},"9":{"loc":{"start":{"line":97,"column":27},"end":{"line":97,"column":176}},"type":"cond-expr","locations":[{"start":{"line":97,"column":164},"end":{"line":97,"column":168}},{"start":{"line":97,"column":171},"end":{"line":97,"column":176}}]},"10":{"loc":{"start":{"line":97,"column":27},"end":{"line":97,"column":161}},"type":"binary-expr","locations":[{"start":{"line":97,"column":27},"end":{"line":97,"column":55}},{"start":{"line":97,"column":59},"end":{"line":97,"column":87}},{"start":{"line":97,"column":91},"end":{"line":97,"column":122}},{"start":{"line":97,"column":126},"end":{"line":97,"column":161}}]},"11":{"loc":{"start":{"line":97,"column":27},"end":{"line":97,"column":44}},"type":"cond-expr","locations":[{"start":{"line":97,"column":31},"end":{"line":97,"column":33}},{"start":{"line":97,"column":27},"end":{"line":97,"column":44}}]},"12":{"loc":{"start":{"line":97,"column":27},"end":{"line":97,"column":33}},"type":"binary-expr","locations":[{"start":{"line":97,"column":27},"end":{"line":97,"column":33}},{"start":{"line":97,"column":27},"end":{"line":97,"column":33}}]},"13":{"loc":{"start":{"line":97,"column":59},"end":{"line":97,"column":76}},"type":"cond-expr","locations":[{"start":{"line":97,"column":63},"end":{"line":97,"column":65}},{"start":{"line":97,"column":59},"end":{"line":97,"column":76}}]},"14":{"loc":{"start":{"line":97,"column":59},"end":{"line":97,"column":65}},"type":"binary-expr","locations":[{"start":{"line":97,"column":59},"end":{"line":97,"column":65}},{"start":{"line":97,"column":59},"end":{"line":97,"column":65}}]},"15":{"loc":{"start":{"line":97,"column":91},"end":{"line":97,"column":108}},"type":"cond-expr","locations":[{"start":{"line":97,"column":95},"end":{"line":97,"column":97}},{"start":{"line":97,"column":91},"end":{"line":97,"column":108}}]},"16":{"loc":{"start":{"line":97,"column":91},"end":{"line":97,"column":97}},"type":"binary-expr","locations":[{"start":{"line":97,"column":91},"end":{"line":97,"column":97}},{"start":{"line":97,"column":91},"end":{"line":97,"column":97}}]},"17":{"loc":{"start":{"line":97,"column":126},"end":{"line":97,"column":144}},"type":"cond-expr","locations":[{"start":{"line":97,"column":130},"end":{"line":97,"column":132}},{"start":{"line":97,"column":126},"end":{"line":97,"column":144}}]},"18":{"loc":{"start":{"line":97,"column":126},"end":{"line":97,"column":132}},"type":"binary-expr","locations":[{"start":{"line":97,"column":126},"end":{"line":97,"column":132}},{"start":{"line":97,"column":126},"end":{"line":97,"column":132}}]},"19":{"loc":{"start":{"line":102,"column":30},"end":{"line":102,"column":44}},"type":"cond-expr","locations":[{"start":{"line":102,"column":38},"end":{"line":102,"column":40}},{"start":{"line":102,"column":30},"end":{"line":102,"column":44}}]},"20":{"loc":{"start":{"line":102,"column":30},"end":{"line":102,"column":40}},"type":"binary-expr","locations":[{"start":{"line":102,"column":30},"end":{"line":102,"column":40}},{"start":{"line":102,"column":30},"end":{"line":102,"column":40}}]},"21":{"loc":{"start":{"line":103,"column":29},"end":{"line":103,"column":42}},"type":"cond-expr","locations":[{"start":{"line":103,"column":37},"end":{"line":103,"column":39}},{"start":{"line":103,"column":29},"end":{"line":103,"column":42}}]},"22":{"loc":{"start":{"line":103,"column":29},"end":{"line":103,"column":39}},"type":"binary-expr","locations":[{"start":{"line":103,"column":29},"end":{"line":103,"column":39}},{"start":{"line":103,"column":29},"end":{"line":103,"column":39}}]},"23":{"loc":{"start":{"line":122,"column":53},"end":{"line":122,"column":75}},"type":"binary-expr","locations":[{"start":{"line":122,"column":53},"end":{"line":122,"column":69}},{"start":{"line":122,"column":73},"end":{"line":122,"column":75}}]},"24":{"loc":{"start":{"line":123,"column":56},"end":{"line":123,"column":74}},"type":"binary-expr","locations":[{"start":{"line":123,"column":56},"end":{"line":123,"column":68}},{"start":{"line":123,"column":72},"end":{"line":123,"column":74}}]},"25":{"loc":{"start":{"line":124,"column":32},"end":{"line":124,"column":75}},"type":"binary-expr","locations":[{"start":{"line":124,"column":32},"end":{"line":124,"column":69}},{"start":{"line":124,"column":73},"end":{"line":124,"column":75}}]},"26":{"loc":{"start":{"line":124,"column":32},"end":{"line":124,"column":69}},"type":"cond-expr","locations":[{"start":{"line":124,"column":60},"end":{"line":124,"column":62}},{"start":{"line":124,"column":60},"end":{"line":124,"column":69}}]},"27":{"loc":{"start":{"line":124,"column":32},"end":{"line":124,"column":62}},"type":"binary-expr","locations":[{"start":{"line":124,"column":32},"end":{"line":124,"column":62}},{"start":{"line":124,"column":60},"end":{"line":124,"column":62}}]},"28":{"loc":{"start":{"line":124,"column":32},"end":{"line":124,"column":60}},"type":"cond-expr","locations":[{"start":{"line":124,"column":46},"end":{"line":124,"column":48}},{"start":{"line":124,"column":46},"end":{"line":124,"column":60}}]},"29":{"loc":{"start":{"line":124,"column":32},"end":{"line":124,"column":48}},"type":"binary-expr","locations":[{"start":{"line":124,"column":32},"end":{"line":124,"column":48}},{"start":{"line":124,"column":46},"end":{"line":124,"column":48}}]},"30":{"loc":{"start":{"line":125,"column":38},"end":{"line":125,"column":48}},"type":"cond-expr","locations":[{"start":{"line":125,"column":44},"end":{"line":125,"column":46}},{"start":{"line":125,"column":44},"end":{"line":125,"column":48}}]},"31":{"loc":{"start":{"line":125,"column":38},"end":{"line":125,"column":46}},"type":"binary-expr","locations":[{"start":{"line":125,"column":38},"end":{"line":125,"column":46}},{"start":{"line":125,"column":44},"end":{"line":125,"column":46}}]},"32":{"loc":{"start":{"line":153,"column":53},"end":{"line":153,"column":78}},"type":"binary-expr","locations":[{"start":{"line":153,"column":53},"end":{"line":153,"column":72}},{"start":{"line":153,"column":76},"end":{"line":153,"column":78}}]},"33":{"loc":{"start":{"line":154,"column":41},"end":{"line":154,"column":62}},"type":"binary-expr","locations":[{"start":{"line":154,"column":41},"end":{"line":154,"column":56}},{"start":{"line":154,"column":60},"end":{"line":154,"column":62}}]},"34":{"loc":{"start":{"line":155,"column":37},"end":{"line":155,"column":51}},"type":"binary-expr","locations":[{"start":{"line":155,"column":37},"end":{"line":155,"column":45}},{"start":{"line":155,"column":49},"end":{"line":155,"column":51}}]},"35":{"loc":{"start":{"line":156,"column":50},"end":{"line":156,"column":73}},"type":"binary-expr","locations":[{"start":{"line":156,"column":50},"end":{"line":156,"column":67}},{"start":{"line":156,"column":71},"end":{"line":156,"column":73}}]}},"s":{"0":1,"1":1,"2":1,"3":7,"4":7,"5":7,"6":7,"7":7,"8":7,"9":7,"10":7,"11":0,"12":7,"13":7,"14":7,"15":7,"16":7,"17":7,"18":0,"19":2,"20":2,"21":2,"22":2,"23":2,"24":72,"25":72,"26":72,"27":72,"28":118,"29":72,"30":2,"31":2,"32":0,"33":1,"34":1,"35":1,"36":1,"37":1,"38":3,"39":3,"40":3,"41":1,"42":1,"43":0,"44":2,"45":2,"46":2,"47":2,"48":2,"49":16,"50":16,"51":6,"52":6,"53":2,"54":2,"55":0,"56":2,"57":2,"58":2,"59":2,"60":2,"61":26,"62":26,"63":26,"64":26,"65":26,"66":2,"67":2,"68":0,"69":2,"70":2,"71":2,"72":2,"73":2,"74":26,"75":26,"76":26,"77":26,"78":26,"79":2,"80":2,"81":0,"82":1,"83":1,"84":1,"85":1,"86":1,"87":1,"88":0,"89":1},"f":{"0":7,"1":7,"2":2,"3":2,"4":72,"5":118,"6":1,"7":1,"8":3,"9":2,"10":2,"11":16,"12":6,"13":2,"14":2,"15":26,"16":2,"17":2,"18":26,"19":1,"20":1},"b":{"0":[0],"1":[72,0],"2":[72,0],"3":[72,0],"4":[72,0],"5":[3,0],"6":[3,0],"7":[0,16],"8":[16,16],"9":[6,10],"10":[16,10,10,8],"11":[0,16],"12":[16,16],"13":[0,10],"14":[10,10],"15":[0,10],"16":[10,10],"17":[0,8],"18":[8,8],"19":[0,6],"20":[6,6],"21":[0,6],"22":[6,6],"23":[26,0],"24":[26,0],"25":[26,24],"26":[0,26],"27":[26,26],"28":[0,26],"29":[26,26],"30":[24,2],"31":[26,26],"32":[26,0],"33":[26,0],"34":[26,0],"35":[26,0]}}
,"/home/avuong22699/OpenSource/server/controllers/execController.ts": {"path":"/home/avuong22699/OpenSource/server/controllers/execController.ts","statementMap":{"0":{"start":{"line":3,"column":0},"end":{"line":3,"column":57}},"1":{"start":{"line":5,"column":39},"end":{"line":57,"column":2}},"2":{"start":{"line":6,"column":71},"end":{"line":25,"column":null}},"3":{"start":{"line":7,"column":41},"end":{"line":7,"column":50}},"4":{"start":{"line":8,"column":4},"end":{"line":24,"column":null}},"5":{"start":{"line":9,"column":22},"end":{"line":9,"column":103}},"6":{"start":{"line":10,"column":6},"end":{"line":17,"column":9}},"7":{"start":{"line":11,"column":8},"end":{"line":14,"column":null}},"8":{"start":{"line":12,"column":10},"end":{"line":12,"column":55}},"9":{"start":{"line":13,"column":10},"end":{"line":13,"column":28}},"10":{"start":{"line":15,"column":8},"end":{"line":15,"column":39}},"11":{"start":{"line":16,"column":8},"end":{"line":16,"column":22}},"12":{"start":{"line":19,"column":6},"end":{"line":23,"column":9}},"13":{"start":{"line":26,"column":72},"end":{"line":56,"column":null}},"14":{"start":{"line":28,"column":99},"end":{"line":28,"column":108}},"15":{"start":{"line":30,"column":4},"end":{"line":55,"column":null}},"16":{"start":{"line":31,"column":19},"end":{"line":31,"column":21}},"17":{"start":{"line":32,"column":6},"end":{"line":32,"column":57}},"18":{"start":{"line":32,"column":29},"end":{"line":32,"column":57}},"19":{"start":{"line":33,"column":6},"end":{"line":33,"column":62}},"20":{"start":{"line":33,"column":28},"end":{"line":33,"column":62}},"21":{"start":{"line":34,"column":6},"end":{"line":34,"column":41}},"22":{"start":{"line":34,"column":29},"end":{"line":34,"column":41}},"23":{"start":{"line":35,"column":6},"end":{"line":35,"column":98}},"24":{"start":{"line":35,"column":29},"end":{"line":35,"column":98}},"25":{"start":{"line":37,"column":6},"end":{"line":37,"column":null}},"26":{"start":{"line":38,"column":22},"end":{"line":38,"column":150}},"27":{"start":{"line":39,"column":6},"end":{"line":39,"column":null}},"28":{"start":{"line":40,"column":6},"end":{"line":48,"column":9}},"29":{"start":{"line":41,"column":8},"end":{"line":44,"column":null}},"30":{"start":{"line":42,"column":10},"end":{"line":42,"column":55}},"31":{"start":{"line":43,"column":10},"end":{"line":43,"column":28}},"32":{"start":{"line":45,"column":8},"end":{"line":45,"column":39}},"33":{"start":{"line":47,"column":8},"end":{"line":47,"column":96}},"34":{"start":{"line":47,"column":32},"end":{"line":47,"column":38}},"35":{"start":{"line":50,"column":6},"end":{"line":54,"column":9}},"36":{"start":{"line":59,"column":0},"end":{"line":59,"column":30}}},"fnMap":{"0":{"name":"(anonymous_7)","decl":{"start":{"line":6,"column":13},"end":{"line":6,"column":20}},"loc":{"start":{"line":6,"column":71},"end":{"line":25,"column":null}}},"1":{"name":"(anonymous_8)","decl":{"start":{"line":6,"column":71},"end":{"line":6,"column":null}},"loc":{"start":{"line":6,"column":71},"end":{"line":25,"column":3}}},"2":{"name":"(anonymous_9)","decl":{"start":{"line":10,"column":20},"end":{"line":10,"column":21}},"loc":{"start":{"line":10,"column":44},"end":{"line":17,"column":7}}},"3":{"name":"(anonymous_10)","decl":{"start":{"line":26,"column":14},"end":{"line":26,"column":21}},"loc":{"start":{"line":26,"column":72},"end":{"line":56,"column":null}}},"4":{"name":"(anonymous_11)","decl":{"start":{"line":26,"column":72},"end":{"line":26,"column":null}},"loc":{"start":{"line":26,"column":72},"end":{"line":56,"column":3}}},"5":{"name":"(anonymous_12)","decl":{"start":{"line":40,"column":20},"end":{"line":40,"column":21}},"loc":{"start":{"line":40,"column":44},"end":{"line":48,"column":7}}},"6":{"name":"(anonymous_13)","decl":{"start":{"line":47,"column":26},"end":{"line":47,"column":29}},"loc":{"start":{"line":47,"column":32},"end":{"line":47,"column":38}}}},"branchMap":{"0":{"loc":{"start":{"line":11,"column":8},"end":{"line":14,"column":null}},"type":"if","locations":[{"start":{"line":11,"column":8},"end":{"line":14,"column":null}}]},"1":{"loc":{"start":{"line":32,"column":6},"end":{"line":32,"column":57}},"type":"if","locations":[{"start":{"line":32,"column":6},"end":{"line":32,"column":57}}]},"2":{"loc":{"start":{"line":33,"column":6},"end":{"line":33,"column":62}},"type":"if","locations":[{"start":{"line":33,"column":6},"end":{"line":33,"column":62}}]},"3":{"loc":{"start":{"line":34,"column":6},"end":{"line":34,"column":41}},"type":"if","locations":[{"start":{"line":34,"column":6},"end":{"line":34,"column":41}}]},"4":{"loc":{"start":{"line":35,"column":6},"end":{"line":35,"column":98}},"type":"if","locations":[{"start":{"line":35,"column":6},"end":{"line":35,"column":98}}]},"5":{"loc":{"start":{"line":38,"column":107},"end":{"line":38,"column":132}},"type":"cond-expr","locations":[{"start":{"line":38,"column":116},"end":{"line":38,"column":127}},{"start":{"line":38,"column":130},"end":{"line":38,"column":132}}]},"6":{"loc":{"start":{"line":41,"column":8},"end":{"line":44,"column":null}},"type":"if","locations":[{"start":{"line":41,"column":8},"end":{"line":44,"column":null}}]},"7":{"loc":{"start":{"line":47,"column":40},"end":{"line":47,"column":94}},"type":"cond-expr","locations":[{"start":{"line":47,"column":58},"end":{"line":47,"column":87}},{"start":{"line":47,"column":90},"end":{"line":47,"column":94}}]},"8":{"loc":{"start":{"line":47,"column":40},"end":{"line":47,"column":55}},"type":"binary-expr","locations":[{"start":{"line":47,"column":40},"end":{"line":47,"column":43}},{"start":{"line":47,"column":47},"end":{"line":47,"column":55}}]},"9":{"loc":{"start":{"line":47,"column":58},"end":{"line":47,"column":87}},"type":"cond-expr","locations":[{"start":{"line":47,"column":75},"end":{"line":47,"column":79}},{"start":{"line":47,"column":82},"end":{"line":47,"column":87}}]}},"s":{"0":1,"1":1,"2":0,"3":0,"4":0,"5":0,"6":0,"7":0,"8":0,"9":0,"10":0,"11":0,"12":0,"13":0,"14":0,"15":0,"16":0,"17":0,"18":0,"19":0,"20":0,"21":0,"22":0,"23":0,"24":0,"25":0,"26":0,"27":0,"28":0,"29":0,"30":0,"31":0,"32":0,"33":0,"34":0,"35":0,"36":1},"f":{"0":0,"1":0,"2":0,"3":0,"4":0,"5":0,"6":0},"b":{"0":[0],"1":[0],"2":[0],"3":[0],"4":[0],"5":[0,0],"6":[0],"7":[0,0],"8":[0,0],"9":[0,0]}}
,"/home/avuong22699/OpenSource/server/controllers/k6Controller.ts": {"path":"/home/avuong22699/OpenSource/server/controllers/k6Controller.ts","statementMap":{"0":{"start":{"line":3,"column":0},"end":{"line":3,"column":57}},"1":{"start":{"line":5,"column":35},"end":{"line":24,"column":2}},"2":{"start":{"line":6,"column":71},"end":{"line":23,"column":null}},"3":{"start":{"line":7,"column":38},"end":{"line":7,"column":47}},"4":{"start":{"line":8,"column":8},"end":{"line":22,"column":null}},"5":{"start":{"line":9,"column":28},"end":{"line":9,"column":164}},"6":{"start":{"line":10,"column":12},"end":{"line":14,"column":15}},"7":{"start":{"line":11,"column":16},"end":{"line":13,"column":null}},"8":{"start":{"line":12,"column":20},"end":{"line":12,"column":38}},"9":{"start":{"line":15,"column":12},"end":{"line":15,"column":26}},"10":{"start":{"line":17,"column":12},"end":{"line":21,"column":15}},"11":{"start":{"line":26,"column":0},"end":{"line":26,"column":28}}},"fnMap":{"0":{"name":"(anonymous_7)","decl":{"start":{"line":6,"column":13},"end":{"line":6,"column":20}},"loc":{"start":{"line":6,"column":71},"end":{"line":23,"column":null}}},"1":{"name":"(anonymous_8)","decl":{"start":{"line":6,"column":71},"end":{"line":6,"column":null}},"loc":{"start":{"line":6,"column":71},"end":{"line":23,"column":5}}},"2":{"name":"(anonymous_9)","decl":{"start":{"line":10,"column":26},"end":{"line":10,"column":27}},"loc":{"start":{"line":10,"column":34},"end":{"line":14,"column":13}}}},"branchMap":{"0":{"loc":{"start":{"line":9,"column":71},"end":{"line":9,"column":97}},"type":"cond-expr","locations":[{"start":{"line":9,"column":77},"end":{"line":9,"column":92}},{"start":{"line":9,"column":95},"end":{"line":9,"column":97}}]},"1":{"loc":{"start":{"line":9,"column":100},"end":{"line":9,"column":142}},"type":"cond-expr","locations":[{"start":{"line":9,"column":111},"end":{"line":9,"column":137}},{"start":{"line":9,"column":140},"end":{"line":9,"column":142}}]},"2":{"loc":{"start":{"line":11,"column":16},"end":{"line":13,"column":null}},"type":"if","locations":[{"start":{"line":11,"column":16},"end":{"line":13,"column":null}}]}},"s":{"0":1,"1":1,"2":0,"3":0,"4":0,"5":0,"6":0,"7":0,"8":0,"9":0,"10":0,"11":1},"f":{"0":0,"1":0,"2":0},"b":{"0":[0,0],"1":[0,0],"2":[0]}}
,"/home/avuong22699/OpenSource/server/controllers/lokiController.ts": {"path":"/home/avuong22699/OpenSource/server/controllers/lokiController.ts","statementMap":{"0":{"start":{"line":3,"column":0},"end":{"line":3,"column":27}},"1":{"start":{"line":6,"column":13},"end":{"line":6,"column":34}},"2":{"start":{"line":8,"column":39},"end":{"line":69,"column":2}},"3":{"start":{"line":9,"column":69},"end":{"line":68,"column":null}},"4":{"start":{"line":11,"column":4},"end":{"line":67,"column":null}},"5":{"start":{"line":12,"column":52},"end":{"line":12,"column":61}},"6":{"start":{"line":17,"column":27},"end":{"line":17,"column":74}},"7":{"start":{"line":18,"column":21},"end":{"line":18,"column":23}},"8":{"start":{"line":20,"column":6},"end":{"line":20,"column":61}},"9":{"start":{"line":20,"column":21},"end":{"line":20,"column":61}},"10":{"start":{"line":22,"column":6},"end":{"line":22,"column":76}},"11":{"start":{"line":22,"column":24},"end":{"line":22,"column":76}},"12":{"start":{"line":25,"column":6},"end":{"line":27,"column":null}},"13":{"start":{"line":26,"column":8},"end":{"line":26,"column":null}},"14":{"start":{"line":28,"column":6},"end":{"line":30,"column":null}},"15":{"start":{"line":29,"column":8},"end":{"line":29,"column":null}},"16":{"start":{"line":31,"column":6},"end":{"line":31,"column":47}},"17":{"start":{"line":31,"column":17},"end":{"line":31,"column":47}},"18":{"start":{"line":32,"column":20},"end":{"line":32,"column":43}},"19":{"start":{"line":34,"column":23},"end":{"line":34,"column":41}},"20":{"start":{"line":35,"column":19},"end":{"line":35,"column":40}},"21":{"start":{"line":58,"column":6},"end":{"line":58,"column":29}},"22":{"start":{"line":60,"column":6},"end":{"line":60,"column":20}},"23":{"start":{"line":62,"column":6},"end":{"line":66,"column":9}},"24":{"start":{"line":71,"column":0},"end":{"line":71,"column":30}}},"fnMap":{"0":{"name":"(anonymous_7)","decl":{"start":{"line":9,"column":11},"end":{"line":9,"column":18}},"loc":{"start":{"line":9,"column":69},"end":{"line":68,"column":null}}},"1":{"name":"(anonymous_8)","decl":{"start":{"line":9,"column":69},"end":{"line":9,"column":null}},"loc":{"start":{"line":9,"column":69},"end":{"line":68,"column":3}}}},"branchMap":{"0":{"loc":{"start":{"line":20,"column":6},"end":{"line":20,"column":61}},"type":"if","locations":[{"start":{"line":20,"column":6},"end":{"line":20,"column":61}}]},"1":{"loc":{"start":{"line":22,"column":6},"end":{"line":22,"column":76}},"type":"if","locations":[{"start":{"line":22,"column":6},"end":{"line":22,"column":76}}]},"2":{"loc":{"start":{"line":22,"column":10},"end":{"line":22,"column":22}},"type":"binary-expr","locations":[{"start":{"line":22,"column":10},"end":{"line":22,"column":15}},{"start":{"line":22,"column":19},"end":{"line":22,"column":22}}]},"3":{"loc":{"start":{"line":25,"column":6},"end":{"line":27,"column":null}},"type":"if","locations":[{"start":{"line":25,"column":6},"end":{"line":27,"column":null}}]},"4":{"loc":{"start":{"line":28,"column":6},"end":{"line":30,"column":null}},"type":"if","locations":[{"start":{"line":28,"column":6},"end":{"line":30,"column":null}}]},"5":{"loc":{"start":{"line":31,"column":6},"end":{"line":31,"column":47}},"type":"if","locations":[{"start":{"line":31,"column":6},"end":{"line":31,"column":47}}]}},"s":{"0":1,"1":1,"2":1,"3":0,"4":0,"5":0,"6":0,"7":0,"8":0,"9":0,"10":0,"11":0,"12":0,"13":0,"14":0,"15":0,"16":0,"17":0,"18":0,"19":0,"20":0,"21":0,"22":0,"23":0,"24":1},"f":{"0":0,"1":0},"b":{"0":[0],"1":[0],"2":[0,0],"3":[0],"4":[0],"5":[0]}}
,"/home/avuong22699/OpenSource/server/controllers/mapController.ts": {"path":"/home/avuong22699/OpenSource/server/controllers/mapController.ts","statementMap":{"0":{"start":{"line":4,"column":37},"end":{"line":27,"column":2}},"1":{"start":{"line":7,"column":73},"end":{"line":26,"column":null}},"2":{"start":{"line":8,"column":4},"end":{"line":25,"column":null}},"3":{"start":{"line":9,"column":84},"end":{"line":9,"column":94}},"4":{"start":{"line":10,"column":6},"end":{"line":17,"column":null}},"5":{"start":{"line":18,"column":6},"end":{"line":18,"column":20}},"6":{"start":{"line":20,"column":6},"end":{"line":24,"column":9}},"7":{"start":{"line":29,"column":0},"end":{"line":29,"column":29}}},"fnMap":{"0":{"name":"(anonymous_7)","decl":{"start":{"line":7,"column":15},"end":{"line":7,"column":22}},"loc":{"start":{"line":7,"column":73},"end":{"line":26,"column":null}}},"1":{"name":"(anonymous_8)","decl":{"start":{"line":7,"column":73},"end":{"line":7,"column":null}},"loc":{"start":{"line":7,"column":73},"end":{"line":26,"column":3}}}},"branchMap":{},"s":{"0":1,"1":1,"2":1,"3":1,"4":1,"5":1,"6":0,"7":1},"f":{"0":1,"1":1},"b":{}}
,"/home/avuong22699/OpenSource/server/controllers/promController.ts": {"path":"/home/avuong22699/OpenSource/server/controllers/promController.ts","statementMap":{"0":{"start":{"line":17,"column":45},"end":{"line":115,"column":2}},"1":{"start":{"line":20,"column":74},"end":{"line":53,"column":null}},"2":{"start":{"line":21,"column":57},"end":{"line":21,"column":66}},"3":{"start":{"line":23,"column":20},"end":{"line":23,"column":69}},"4":{"start":{"line":24,"column":18},"end":{"line":24,"column":52}},"5":{"start":{"line":25,"column":19},"end":{"line":25,"column":21}},"6":{"start":{"line":26,"column":20},"end":{"line":26,"column":85}},"7":{"start":{"line":30,"column":26},"end":{"line":30,"column":52}},"8":{"start":{"line":31,"column":8},"end":{"line":31,"column":76}},"9":{"start":{"line":32,"column":8},"end":{"line":32,"column":55}},"10":{"start":{"line":35,"column":8},"end":{"line":35,"column":175}},"11":{"start":{"line":35,"column":28},"end":{"line":35,"column":175}},"12":{"start":{"line":36,"column":8},"end":{"line":36,"column":125}},"13":{"start":{"line":36,"column":28},"end":{"line":36,"column":125}},"14":{"start":{"line":37,"column":8},"end":{"line":37,"column":134}},"15":{"start":{"line":37,"column":30},"end":{"line":37,"column":134}},"16":{"start":{"line":38,"column":8},"end":{"line":38,"column":131}},"17":{"start":{"line":38,"column":28},"end":{"line":38,"column":131}},"18":{"start":{"line":39,"column":8},"end":{"line":39,"column":74}},"19":{"start":{"line":39,"column":22},"end":{"line":39,"column":74}},"20":{"start":{"line":40,"column":8},"end":{"line":52,"column":null}},"21":{"start":{"line":41,"column":29},"end":{"line":41,"column":47}},"22":{"start":{"line":42,"column":12},"end":{"line":44,"column":71}},"23":{"start":{"line":42,"column":43},"end":{"line":42,"column":120}},"24":{"start":{"line":43,"column":17},"end":{"line":44,"column":71}},"25":{"start":{"line":43,"column":48},"end":{"line":43,"column":125}},"26":{"start":{"line":44,"column":17},"end":{"line":44,"column":71}},"27":{"start":{"line":45,"column":12},"end":{"line":45,"column":26}},"28":{"start":{"line":47,"column":12},"end":{"line":51,"column":15}},"29":{"start":{"line":54,"column":72},"end":{"line":67,"column":null}},"30":{"start":{"line":55,"column":23},"end":{"line":55,"column":32}},"31":{"start":{"line":56,"column":8},"end":{"line":66,"column":null}},"32":{"start":{"line":57,"column":29},"end":{"line":57,"column":125}},"33":{"start":{"line":58,"column":12},"end":{"line":58,"column":null}},"34":{"start":{"line":59,"column":12},"end":{"line":59,"column":26}},"35":{"start":{"line":61,"column":12},"end":{"line":65,"column":15}},"36":{"start":{"line":68,"column":70},"end":{"line":87,"column":null}},"37":{"start":{"line":69,"column":23},"end":{"line":69,"column":32}},"38":{"start":{"line":70,"column":31},"end":{"line":70,"column":122}},"39":{"start":{"line":71,"column":8},"end":{"line":86,"column":null}},"40":{"start":{"line":72,"column":43},"end":{"line":72,"column":53}},"41":{"start":{"line":73,"column":29},"end":{"line":73,"column":56}},"42":{"start":{"line":74,"column":30},"end":{"line":74,"column":85}},"43":{"start":{"line":75,"column":30},"end":{"line":75,"column":63}},"44":{"start":{"line":76,"column":27},"end":{"line":76,"column":58}},"45":{"start":{"line":77,"column":32},"end":{"line":77,"column":80}},"46":{"start":{"line":77,"column":54},"end":{"line":77,"column":79}},"47":{"start":{"line":78,"column":12},"end":{"line":78,"column":135}},"48":{"start":{"line":79,"column":12},"end":{"line":79,"column":26}},"49":{"start":{"line":81,"column":12},"end":{"line":85,"column":15}},"50":{"start":{"line":88,"column":70},"end":{"line":114,"column":null}},"51":{"start":{"line":89,"column":23},"end":{"line":89,"column":32}},"52":{"start":{"line":90,"column":20},"end":{"line":90,"column":54}},"53":{"start":{"line":91,"column":26},"end":{"line":91,"column":67}},"54":{"start":{"line":92,"column":24},"end":{"line":92,"column":94}},"55":{"start":{"line":94,"column":8},"end":{"line":113,"column":null}},"56":{"start":{"line":95,"column":32},"end":{"line":95,"column":42}},"57":{"start":{"line":96,"column":29},"end":{"line":96,"column":53}},"58":{"start":{"line":97,"column":29},"end":{"line":97,"column":84}},"59":{"start":{"line":99,"column":30},"end":{"line":99,"column":52}},"60":{"start":{"line":100,"column":27},"end":{"line":100,"column":83}},"61":{"start":{"line":102,"column":30},"end":{"line":102,"column":59}},"62":{"start":{"line":103,"column":27},"end":{"line":103,"column":55}},"63":{"start":{"line":104,"column":35},"end":{"line":104,"column":82}},"64":{"start":{"line":104,"column":57},"end":{"line":104,"column":81}},"65":{"start":{"line":105,"column":12},"end":{"line":105,"column":156}},"66":{"start":{"line":106,"column":12},"end":{"line":106,"column":26}},"67":{"start":{"line":108,"column":12},"end":{"line":112,"column":null}},"68":{"start":{"line":117,"column":0},"end":{"line":117,"column":30}}},"fnMap":{"0":{"name":"(anonymous_7)","decl":{"start":{"line":20,"column":16},"end":{"line":20,"column":23}},"loc":{"start":{"line":20,"column":74},"end":{"line":53,"column":null}}},"1":{"name":"(anonymous_8)","decl":{"start":{"line":20,"column":74},"end":{"line":20,"column":null}},"loc":{"start":{"line":20,"column":74},"end":{"line":53,"column":5}}},"2":{"name":"(anonymous_9)","decl":{"start":{"line":54,"column":14},"end":{"line":54,"column":21}},"loc":{"start":{"line":54,"column":72},"end":{"line":67,"column":null}}},"3":{"name":"(anonymous_10)","decl":{"start":{"line":54,"column":72},"end":{"line":54,"column":null}},"loc":{"start":{"line":54,"column":72},"end":{"line":67,"column":5}}},"4":{"name":"(anonymous_11)","decl":{"start":{"line":68,"column":12},"end":{"line":68,"column":19}},"loc":{"start":{"line":68,"column":70},"end":{"line":87,"column":null}}},"5":{"name":"(anonymous_12)","decl":{"start":{"line":68,"column":70},"end":{"line":68,"column":null}},"loc":{"start":{"line":68,"column":70},"end":{"line":87,"column":5}}},"6":{"name":"(anonymous_13)","decl":{"start":{"line":77,"column":43},"end":{"line":77,"column":44}},"loc":{"start":{"line":77,"column":54},"end":{"line":77,"column":79}}},"7":{"name":"(anonymous_14)","decl":{"start":{"line":88,"column":12},"end":{"line":88,"column":19}},"loc":{"start":{"line":88,"column":70},"end":{"line":114,"column":null}}},"8":{"name":"(anonymous_15)","decl":{"start":{"line":88,"column":70},"end":{"line":88,"column":null}},"loc":{"start":{"line":88,"column":70},"end":{"line":114,"column":5}}},"9":{"name":"(anonymous_16)","decl":{"start":{"line":104,"column":46},"end":{"line":104,"column":47}},"loc":{"start":{"line":104,"column":57},"end":{"line":104,"column":81}}}},"branchMap":{"0":{"loc":{"start":{"line":26,"column":43},"end":{"line":26,"column":76}},"type":"cond-expr","locations":[{"start":{"line":26,"column":53},"end":{"line":26,"column":60}},{"start":{"line":26,"column":63},"end":{"line":26,"column":76}}]},"1":{"loc":{"start":{"line":35,"column":8},"end":{"line":35,"column":175}},"type":"if","locations":[{"start":{"line":35,"column":8},"end":{"line":35,"column":175}}]},"2":{"loc":{"start":{"line":35,"column":97},"end":{"line":35,"column":130}},"type":"cond-expr","locations":[{"start":{"line":35,"column":105},"end":{"line":35,"column":125}},{"start":{"line":35,"column":128},"end":{"line":35,"column":130}}]},"3":{"loc":{"start":{"line":35,"column":141},"end":{"line":35,"column":172}},"type":"cond-expr","locations":[{"start":{"line":35,"column":152},"end":{"line":35,"column":167}},{"start":{"line":35,"column":170},"end":{"line":35,"column":172}}]},"4":{"loc":{"start":{"line":36,"column":8},"end":{"line":36,"column":125}},"type":"if","locations":[{"start":{"line":36,"column":8},"end":{"line":36,"column":125}}]},"5":{"loc":{"start":{"line":36,"column":87},"end":{"line":36,"column":120}},"type":"cond-expr","locations":[{"start":{"line":36,"column":95},"end":{"line":36,"column":115}},{"start":{"line":36,"column":118},"end":{"line":36,"column":120}}]},"6":{"loc":{"start":{"line":37,"column":8},"end":{"line":37,"column":134}},"type":"if","locations":[{"start":{"line":37,"column":8},"end":{"line":37,"column":134}}]},"7":{"loc":{"start":{"line":37,"column":89},"end":{"line":37,"column":124}},"type":"cond-expr","locations":[{"start":{"line":37,"column":97},"end":{"line":37,"column":119}},{"start":{"line":37,"column":122},"end":{"line":37,"column":124}}]},"8":{"loc":{"start":{"line":38,"column":8},"end":{"line":38,"column":131}},"type":"if","locations":[{"start":{"line":38,"column":8},"end":{"line":38,"column":131}}]},"9":{"loc":{"start":{"line":38,"column":86},"end":{"line":38,"column":121}},"type":"cond-expr","locations":[{"start":{"line":38,"column":94},"end":{"line":38,"column":116}},{"start":{"line":38,"column":119},"end":{"line":38,"column":121}}]},"10":{"loc":{"start":{"line":39,"column":8},"end":{"line":39,"column":74}},"type":"if","locations":[{"start":{"line":39,"column":8},"end":{"line":39,"column":74}}]},"11":{"loc":{"start":{"line":42,"column":12},"end":{"line":44,"column":71}},"type":"if","locations":[{"start":{"line":42,"column":12},"end":{"line":44,"column":71}},{"start":{"line":43,"column":17},"end":{"line":44,"column":71}}]},"12":{"loc":{"start":{"line":42,"column":16},"end":{"line":42,"column":41}},"type":"binary-expr","locations":[{"start":{"line":42,"column":16},"end":{"line":42,"column":23}},{"start":{"line":42,"column":27},"end":{"line":42,"column":41}}]},"13":{"loc":{"start":{"line":43,"column":17},"end":{"line":44,"column":71}},"type":"if","locations":[{"start":{"line":43,"column":17},"end":{"line":44,"column":71}},{"start":{"line":44,"column":17},"end":{"line":44,"column":71}}]},"14":{"loc":{"start":{"line":43,"column":21},"end":{"line":43,"column":46}},"type":"binary-expr","locations":[{"start":{"line":43,"column":21},"end":{"line":43,"column":28}},{"start":{"line":43,"column":32},"end":{"line":43,"column":46}}]}},"s":{"0":1,"1":1,"2":1,"3":1,"4":1,"5":1,"6":1,"7":1,"8":1,"9":1,"10":1,"11":0,"12":1,"13":1,"14":1,"15":0,"16":1,"17":0,"18":1,"19":0,"20":1,"21":1,"22":0,"23":0,"24":0,"25":0,"26":0,"27":0,"28":1,"29":5,"30":5,"31":5,"32":5,"33":0,"34":0,"35":5,"36":0,"37":0,"38":0,"39":0,"40":0,"41":0,"42":0,"43":0,"44":0,"45":0,"46":0,"47":0,"48":0,"49":0,"50":0,"51":0,"52":0,"53":0,"54":0,"55":0,"56":0,"57":0,"58":0,"59":0,"60":0,"61":0,"62":0,"63":0,"64":0,"65":0,"66":0,"67":0,"68":1},"f":{"0":1,"1":1,"2":5,"3":5,"4":0,"5":0,"6":0,"7":0,"8":0,"9":0},"b":{"0":[1,0],"1":[0],"2":[0,0],"3":[0,0],"4":[1],"5":[0,1],"6":[0],"7":[0,0],"8":[0],"9":[0,0],"10":[0],"11":[0,0],"12":[0,0],"13":[0,0],"14":[0,0]}}
,"/home/avuong22699/OpenSource/server/routers/apiRouter.ts": {"path":"/home/avuong22699/OpenSource/server/routers/apiRouter.ts","statementMap":{"0":{"start":{"line":1,"column":0},"end":{"line":1,"column":30}},"1":{"start":{"line":2,"column":0},"end":{"line":2,"column":38}},"2":{"start":{"line":3,"column":0},"end":{"line":3,"column":44}},"3":{"start":{"line":4,"column":0},"end":{"line":4,"column":36}},"4":{"start":{"line":5,"column":0},"end":{"line":5,"column":34}},"5":{"start":{"line":6,"column":0},"end":{"line":6,"column":38}},"6":{"start":{"line":7,"column":0},"end":{"line":7,"column":38}},"7":{"start":{"line":8,"column":15},"end":{"line":8,"column":31}},"8":{"start":{"line":12,"column":0},"end":{"line":12,"column":32}},"9":{"start":{"line":13,"column":0},"end":{"line":13,"column":38}},"10":{"start":{"line":14,"column":0},"end":{"line":14,"column":30}},"11":{"start":{"line":15,"column":0},"end":{"line":15,"column":28}},"12":{"start":{"line":16,"column":0},"end":{"line":16,"column":32}},"13":{"start":{"line":17,"column":0},"end":{"line":17,"column":32}},"14":{"start":{"line":19,"column":0},"end":{"line":19,"column":22}}},"fnMap":{},"branchMap":{},"s":{"0":1,"1":1,"2":1,"3":1,"4":1,"5":1,"6":1,"7":1,"8":1,"9":1,"10":1,"11":1,"12":1,"13":1,"14":1},"f":{},"b":{}}
,"/home/avuong22699/OpenSource/server/routers/clusterRouter.ts": {"path":"/home/avuong22699/OpenSource/server/routers/clusterRouter.ts","statementMap":{"0":{"start":{"line":1,"column":0},"end":{"line":1,"column":30}},"1":{"start":{"line":3,"column":0},"end":{"line":3,"column":65}},"2":{"start":{"line":4,"column":15},"end":{"line":4,"column":31}},"3":{"start":{"line":7,"column":0},"end":{"line":9,"column":3}},"4":{"start":{"line":8,"column":4},"end":{"line":8,"column":48}},"5":{"start":{"line":10,"column":0},"end":{"line":12,"column":3}},"6":{"start":{"line":11,"column":4},"end":{"line":11,"column":42}},"7":{"start":{"line":13,"column":0},"end":{"line":15,"column":3}},"8":{"start":{"line":14,"column":4},"end":{"line":14,"column":43}},"9":{"start":{"line":17,"column":0},"end":{"line":19,"column":3}},"10":{"start":{"line":18,"column":4},"end":{"line":18,"column":46}},"11":{"start":{"line":20,"column":0},"end":{"line":22,"column":3}},"12":{"start":{"line":21,"column":4},"end":{"line":21,"column":49}},"13":{"start":{"line":23,"column":0},"end":{"line":25,"column":3}},"14":{"start":{"line":24,"column":4},"end":{"line":24,"column":47}},"15":{"start":{"line":27,"column":0},"end":{"line":27,"column":22}}},"fnMap":{"0":{"name":"(anonymous_1)","decl":{"start":{"line":7,"column":92},"end":{"line":7,"column":93}},"loc":{"start":{"line":7,"column":144},"end":{"line":9,"column":1}}},"1":{"name":"(anonymous_2)","decl":{"start":{"line":10,"column":80},"end":{"line":10,"column":81}},"loc":{"start":{"line":10,"column":132},"end":{"line":12,"column":1}}},"2":{"name":"(anonymous_3)","decl":{"start":{"line":13,"column":82},"end":{"line":13,"column":83}},"loc":{"start":{"line":13,"column":134},"end":{"line":15,"column":1}}},"3":{"name":"(anonymous_4)","decl":{"start":{"line":17,"column":88},"end":{"line":17,"column":89}},"loc":{"start":{"line":17,"column":140},"end":{"line":19,"column":1}}},"4":{"name":"(anonymous_5)","decl":{"start":{"line":20,"column":94},"end":{"line":20,"column":95}},"loc":{"start":{"line":20,"column":146},"end":{"line":22,"column":1}}},"5":{"name":"(anonymous_6)","decl":{"start":{"line":23,"column":90},"end":{"line":23,"column":91}},"loc":{"start":{"line":23,"column":142},"end":{"line":25,"column":1}}}},"branchMap":{},"s":{"0":1,"1":1,"2":1,"3":1,"4":1,"5":1,"6":1,"7":1,"8":1,"9":1,"10":1,"11":1,"12":1,"13":1,"14":1,"15":1},"f":{"0":1,"1":1,"2":1,"3":1,"4":1,"5":1},"b":{}}
,"/home/avuong22699/OpenSource/server/routers/execRouter.ts": {"path":"/home/avuong22699/OpenSource/server/routers/execRouter.ts","statementMap":{"0":{"start":{"line":1,"column":0},"end":{"line":1,"column":30}},"1":{"start":{"line":3,"column":0},"end":{"line":3,"column":59}},"2":{"start":{"line":4,"column":15},"end":{"line":4,"column":31}},"3":{"start":{"line":7,"column":0},"end":{"line":9,"column":3}},"4":{"start":{"line":8,"column":4},"end":{"line":8,"column":49}},"5":{"start":{"line":10,"column":0},"end":{"line":12,"column":3}},"6":{"start":{"line":11,"column":4},"end":{"line":11,"column":49}},"7":{"start":{"line":15,"column":0},"end":{"line":15,"column":22}}},"fnMap":{"0":{"name":"(anonymous_1)","decl":{"start":{"line":7,"column":44},"end":{"line":7,"column":45}},"loc":{"start":{"line":7,"column":96},"end":{"line":9,"column":1}}},"1":{"name":"(anonymous_2)","decl":{"start":{"line":10,"column":46},"end":{"line":10,"column":47}},"loc":{"start":{"line":10,"column":98},"end":{"line":12,"column":1}}}},"branchMap":{},"s":{"0":1,"1":1,"2":1,"3":1,"4":0,"5":1,"6":0,"7":1},"f":{"0":0,"1":0},"b":{}}
,"/home/avuong22699/OpenSource/server/routers/k6Router.ts": {"path":"/home/avuong22699/OpenSource/server/routers/k6Router.ts","statementMap":{"0":{"start":{"line":1,"column":0},"end":{"line":1,"column":30}},"1":{"start":{"line":3,"column":0},"end":{"line":3,"column":55}},"2":{"start":{"line":4,"column":15},"end":{"line":4,"column":31}},"3":{"start":{"line":7,"column":0},"end":{"line":9,"column":3}},"4":{"start":{"line":8,"column":4},"end":{"line":8,"column":75}},"5":{"start":{"line":12,"column":0},"end":{"line":12,"column":22}}},"fnMap":{"0":{"name":"(anonymous_1)","decl":{"start":{"line":7,"column":42},"end":{"line":7,"column":43}},"loc":{"start":{"line":7,"column":94},"end":{"line":9,"column":1}}}},"branchMap":{},"s":{"0":1,"1":1,"2":1,"3":1,"4":0,"5":1},"f":{"0":0},"b":{}}
,"/home/avuong22699/OpenSource/server/routers/lokiRouter.ts": {"path":"/home/avuong22699/OpenSource/server/routers/lokiRouter.ts","statementMap":{"0":{"start":{"line":1,"column":0},"end":{"line":1,"column":30}},"1":{"start":{"line":3,"column":0},"end":{"line":3,"column":59}},"2":{"start":{"line":4,"column":15},"end":{"line":4,"column":31}},"3":{"start":{"line":7,"column":0},"end":{"line":9,"column":3}},"4":{"start":{"line":8,"column":4},"end":{"line":8,"column":42}},"5":{"start":{"line":12,"column":0},"end":{"line":12,"column":22}}},"fnMap":{"0":{"name":"(anonymous_1)","decl":{"start":{"line":7,"column":44},"end":{"line":7,"column":45}},"loc":{"start":{"line":7,"column":96},"end":{"line":9,"column":1}}}},"branchMap":{},"s":{"0":1,"1":1,"2":1,"3":1,"4":0,"5":1},"f":{"0":0},"b":{}}
,"/home/avuong22699/OpenSource/server/routers/mapRouter.ts": {"path":"/home/avuong22699/OpenSource/server/routers/mapRouter.ts","statementMap":{"0":{"start":{"line":1,"column":0},"end":{"line":1,"column":30}},"1":{"start":{"line":3,"column":0},"end":{"line":3,"column":57}},"2":{"start":{"line":4,"column":0},"end":{"line":4,"column":65}},"3":{"start":{"line":5,"column":15},"end":{"line":5,"column":31}},"4":{"start":{"line":8,"column":0},"end":{"line":20,"column":7}},"5":{"start":{"line":17,"column":8},"end":{"line":17,"column":50}},"6":{"start":{"line":22,"column":0},"end":{"line":22,"column":22}}},"fnMap":{"0":{"name":"(anonymous_1)","decl":{"start":{"line":16,"column":4},"end":{"line":16,"column":5}},"loc":{"start":{"line":16,"column":56},"end":{"line":20,"column":5}}}},"branchMap":{},"s":{"0":1,"1":1,"2":1,"3":1,"4":1,"5":1,"6":1},"f":{"0":1},"b":{}}
,"/home/avuong22699/OpenSource/server/routers/promRouter.ts": {"path":"/home/avuong22699/OpenSource/server/routers/promRouter.ts","statementMap":{"0":{"start":{"line":1,"column":0},"end":{"line":1,"column":30}},"1":{"start":{"line":3,"column":0},"end":{"line":3,"column":59}},"2":{"start":{"line":5,"column":15},"end":{"line":5,"column":31}},"3":{"start":{"line":8,"column":0},"end":{"line":13,"column":5}},"4":{"start":{"line":12,"column":4},"end":{"line":12,"column":42}},"5":{"start":{"line":16,"column":0},"end":{"line":21,"column":5}},"6":{"start":{"line":20,"column":4},"end":{"line":20,"column":52}},"7":{"start":{"line":23,"column":0},"end":{"line":29,"column":5}},"8":{"start":{"line":28,"column":4},"end":{"line":28,"column":49}},"9":{"start":{"line":31,"column":0},"end":{"line":31,"column":22}}},"fnMap":{"0":{"name":"(anonymous_1)","decl":{"start":{"line":11,"column":2},"end":{"line":11,"column":3}},"loc":{"start":{"line":11,"column":54},"end":{"line":13,"column":3}}},"1":{"name":"(anonymous_2)","decl":{"start":{"line":19,"column":2},"end":{"line":19,"column":3}},"loc":{"start":{"line":19,"column":54},"end":{"line":21,"column":3}}},"2":{"name":"(anonymous_3)","decl":{"start":{"line":27,"column":2},"end":{"line":27,"column":3}},"loc":{"start":{"line":27,"column":54},"end":{"line":29,"column":3}}}},"branchMap":{},"s":{"0":1,"1":1,"2":1,"3":1,"4":0,"5":1,"6":0,"7":1,"8":0,"9":1},"f":{"0":0,"1":0,"2":0},"b":{}}
}
