TN:
SF:server/server.ts
FN:13,(anonymous_1)
FN:17,(anonymous_2)
FN:30,(anonymous_3)
FNF:3
FNH:2
FNDA:1,(anonymous_1)
FNDA:6,(anonymous_2)
FNDA:0,(anonymous_3)
DA:1,1
DA:4,1
DA:6,1
DA:8,1
DA:9,1
DA:11,1
DA:13,1
DA:14,1
DA:17,1
DA:18,6
DA:23,6
DA:24,6
DA:25,6
DA:26,6
DA:29,1
DA:30,0
DA:31,0
DA:34,1
LF:18
LH:16
BRDA:29,0,0,0
BRF:1
BRH:0
end_of_record
TN:
SF:server/controllers/clusterController.ts
FN:8,(anonymous_14)
FN:8,(anonymous_15)
FN:31,(anonymous_16)
FN:31,(anonymous_17)
FN:35,(anonymous_18)
FN:40,(anonymous_19)
FN:62,(anonymous_20)
FN:62,(anonymous_21)
FN:66,(anonymous_22)
FN:89,(anonymous_23)
FN:89,(anonymous_24)
FN:94,(anonymous_25)
FN:99,(anonymous_26)
FN:116,(anonymous_27)
FN:116,(anonymous_28)
FN:121,(anonymous_29)
FN:147,(anonymous_30)
FN:147,(anonymous_31)
FN:152,(anonymous_32)
FN:177,(anonymous_33)
FN:177,(anonymous_34)
FNF:21
FNH:21
FNDA:7,(anonymous_14)
FNDA:7,(anonymous_15)
FNDA:2,(anonymous_16)
FNDA:2,(anonymous_17)
FNDA:72,(anonymous_18)
FNDA:118,(anonymous_19)
FNDA:1,(anonymous_20)
FNDA:1,(anonymous_21)
FNDA:3,(anonymous_22)
FNDA:2,(anonymous_23)
FNDA:2,(anonymous_24)
FNDA:16,(anonymous_25)
FNDA:6,(anonymous_26)
FNDA:2,(anonymous_27)
FNDA:2,(anonymous_28)
FNDA:26,(anonymous_29)
FNDA:2,(anonymous_30)
FNDA:2,(anonymous_31)
FNDA:26,(anonymous_32)
FNDA:1,(anonymous_33)
FNDA:1,(anonymous_34)
DA:1,1
DA:2,1
DA:7,1
DA:8,7
DA:10,7
DA:11,7
DA:13,7
DA:15,7
DA:17,7
DA:18,7
DA:20,7
DA:21,7
DA:22,7
DA:23,7
DA:24,7
DA:25,7
DA:26,7
DA:28,0
DA:31,2
DA:32,2
DA:33,2
DA:34,2
DA:35,2
DA:36,72
DA:37,72
DA:38,72
DA:40,118
DA:41,72
DA:52,2
DA:53,2
DA:55,0
DA:62,1
DA:63,1
DA:64,1
DA:65,1
DA:66,1
DA:67,3
DA:68,3
DA:69,3
DA:79,1
DA:80,1
DA:82,0
DA:89,2
DA:90,2
DA:91,2
DA:92,2
DA:93,2
DA:95,16
DA:97,16
DA:100,6
DA:101,6
DA:106,2
DA:107,2
DA:109,0
DA:116,2
DA:117,2
DA:118,2
DA:119,2
DA:120,2
DA:122,26
DA:123,26
DA:124,26
DA:125,26
DA:127,26
DA:137,2
DA:138,2
DA:140,0
DA:147,2
DA:148,2
DA:149,2
DA:150,2
DA:151,2
DA:153,26
DA:154,26
DA:155,26
DA:156,26
DA:158,26
DA:166,2
DA:167,2
DA:169,0
DA:177,1
DA:178,1
DA:179,1
DA:180,1
DA:181,1
DA:182,1
DA:184,0
DA:193,1
LF:88
LH:81
BRDA:20,0,0,0
BRDA:36,1,0,72
BRDA:36,1,1,0
BRDA:37,2,0,72
BRDA:37,2,1,0
BRDA:38,3,0,72
BRDA:38,3,1,0
BRDA:40,4,0,72
BRDA:40,4,1,0
BRDA:67,5,0,3
BRDA:67,5,1,0
BRDA:68,6,0,3
BRDA:68,6,1,0
BRDA:95,7,0,0
BRDA:95,7,1,16
BRDA:95,8,0,16
BRDA:95,8,1,16
BRDA:97,9,0,6
BRDA:97,9,1,10
BRDA:97,10,0,16
BRDA:97,10,1,10
BRDA:97,10,2,10
BRDA:97,10,3,8
BRDA:97,11,0,0
BRDA:97,11,1,16
BRDA:97,12,0,16
BRDA:97,12,1,16
BRDA:97,13,0,0
BRDA:97,13,1,10
BRDA:97,14,0,10
BRDA:97,14,1,10
BRDA:97,15,0,0
BRDA:97,15,1,10
BRDA:97,16,0,10
BRDA:97,16,1,10
BRDA:97,17,0,0
BRDA:97,17,1,8
BRDA:97,18,0,8
BRDA:97,18,1,8
BRDA:102,19,0,0
BRDA:102,19,1,6
BRDA:102,20,0,6
BRDA:102,20,1,6
BRDA:103,21,0,0
BRDA:103,21,1,6
BRDA:103,22,0,6
BRDA:103,22,1,6
BRDA:122,23,0,26
BRDA:122,23,1,0
BRDA:123,24,0,26
BRDA:123,24,1,0
BRDA:124,25,0,26
BRDA:124,25,1,24
BRDA:124,26,0,0
BRDA:124,26,1,26
BRDA:124,27,0,26
BRDA:124,27,1,26
BRDA:124,28,0,0
BRDA:124,28,1,26
BRDA:124,29,0,26
BRDA:124,29,1,26
BRDA:125,30,0,24
BRDA:125,30,1,2
BRDA:125,31,0,26
BRDA:125,31,1,26
BRDA:153,32,0,26
BRDA:153,32,1,0
BRDA:154,33,0,26
BRDA:154,33,1,0
BRDA:155,34,0,26
BRDA:155,34,1,0
BRDA:156,35,0,26
BRDA:156,35,1,0
BRF:73
BRH:51
end_of_record
TN:
SF:server/controllers/execController.ts
FN:6,(anonymous_7)
FN:6,(anonymous_8)
FN:10,(anonymous_9)
FN:26,(anonymous_10)
FN:26,(anonymous_11)
FN:40,(anonymous_12)
FN:47,(anonymous_13)
FNF:7
FNH:0
FNDA:0,(anonymous_7)
FNDA:0,(anonymous_8)
FNDA:0,(anonymous_9)
FNDA:0,(anonymous_10)
FNDA:0,(anonymous_11)
FNDA:0,(anonymous_12)
FNDA:0,(anonymous_13)
DA:3,1
DA:5,1
DA:6,0
DA:7,0
DA:8,0
DA:9,0
DA:10,0
DA:11,0
DA:12,0
DA:13,0
DA:15,0
DA:16,0
DA:19,0
DA:26,0
DA:28,0
DA:30,0
DA:31,0
DA:32,0
DA:33,0
DA:34,0
DA:35,0
DA:37,0
DA:38,0
DA:39,0
DA:40,0
DA:41,0
DA:42,0
DA:43,0
DA:45,0
DA:47,0
DA:50,0
DA:59,1
LF:32
LH:3
BRDA:11,0,0,0
BRDA:32,1,0,0
BRDA:33,2,0,0
BRDA:34,3,0,0
BRDA:35,4,0,0
BRDA:38,5,0,0
BRDA:38,5,1,0
BRDA:41,6,0,0
BRDA:47,7,0,0
BRDA:47,7,1,0
BRDA:47,8,0,0
BRDA:47,8,1,0
BRDA:47,9,0,0
BRDA:47,9,1,0
BRF:14
BRH:0
end_of_record
TN:
SF:server/controllers/k6Controller.ts
FN:6,(anonymous_7)
FN:6,(anonymous_8)
FN:10,(anonymous_9)
FNF:3
FNH:0
FNDA:0,(anonymous_7)
FNDA:0,(anonymous_8)
FNDA:0,(anonymous_9)
DA:3,1
DA:5,1
DA:6,0
DA:7,0
DA:8,0
DA:9,0
DA:10,0
DA:11,0
DA:12,0
DA:15,0
DA:17,0
DA:26,1
LF:12
LH:3
BRDA:9,0,0,0
BRDA:9,0,1,0
BRDA:9,1,0,0
BRDA:9,1,1,0
BRDA:11,2,0,0
BRF:5
BRH:0
end_of_record
TN:
SF:server/controllers/lokiController.ts
FN:9,(anonymous_7)
FN:9,(anonymous_8)
FNF:2
FNH:0
FNDA:0,(anonymous_7)
FNDA:0,(anonymous_8)
DA:3,1
DA:6,1
DA:8,1
DA:9,0
DA:11,0
DA:12,0
DA:17,0
DA:18,0
DA:20,0
DA:22,0
DA:25,0
DA:26,0
DA:28,0
DA:29,0
DA:31,0
DA:32,0
DA:34,0
DA:35,0
DA:58,0
DA:60,0
DA:62,0
DA:71,1
LF:22
LH:4
BRDA:20,0,0,0
BRDA:22,1,0,0
BRDA:22,2,0,0
BRDA:22,2,1,0
BRDA:25,3,0,0
BRDA:28,4,0,0
BRDA:31,5,0,0
BRF:7
BRH:0
end_of_record
TN:
SF:server/controllers/mapController.ts
FN:7,(anonymous_7)
FN:7,(anonymous_8)
FNF:2
FNH:2
FNDA:1,(anonymous_7)
FNDA:1,(anonymous_8)
DA:4,1
DA:7,1
DA:8,1
DA:9,1
DA:10,1
DA:18,1
DA:20,0
DA:29,1
LF:8
LH:7
BRF:0
BRH:0
end_of_record
TN:
SF:server/controllers/promController.ts
FN:20,(anonymous_7)
FN:20,(anonymous_8)
FN:54,(anonymous_9)
FN:54,(anonymous_10)
FN:68,(anonymous_11)
FN:68,(anonymous_12)
FN:77,(anonymous_13)
FN:88,(anonymous_14)
FN:88,(anonymous_15)
FN:104,(anonymous_16)
FNF:10
FNH:4
FNDA:1,(anonymous_7)
FNDA:1,(anonymous_8)
FNDA:5,(anonymous_9)
FNDA:5,(anonymous_10)
FNDA:0,(anonymous_11)
FNDA:0,(anonymous_12)
FNDA:0,(anonymous_13)
FNDA:0,(anonymous_14)
FNDA:0,(anonymous_15)
FNDA:0,(anonymous_16)
DA:17,1
DA:20,1
DA:21,1
DA:23,1
DA:24,1
DA:25,1
DA:26,1
DA:30,1
DA:31,1
DA:32,1
DA:35,1
DA:36,1
DA:37,1
DA:38,1
DA:39,1
DA:40,1
DA:41,1
DA:42,0
DA:43,0
DA:44,0
DA:45,0
DA:47,1
DA:54,5
DA:55,5
DA:56,5
DA:57,5
DA:58,0
DA:59,0
DA:61,5
DA:68,0
DA:69,0
DA:70,0
DA:71,0
DA:72,0
DA:73,0
DA:74,0
DA:75,0
DA:76,0
DA:77,0
DA:78,0
DA:79,0
DA:81,0
DA:88,0
DA:89,0
DA:90,0
DA:91,0
DA:92,0
DA:94,0
DA:95,0
DA:96,0
DA:97,0
DA:99,0
DA:100,0
DA:102,0
DA:103,0
DA:104,0
DA:105,0
DA:106,0
DA:108,0
DA:117,1
LF:60
LH:24
BRDA:26,0,0,1
BRDA:26,0,1,0
BRDA:35,1,0,0
BRDA:35,2,0,0
BRDA:35,2,1,0
BRDA:35,3,0,0
BRDA:35,3,1,0
BRDA:36,4,0,1
BRDA:36,5,0,0
BRDA:36,5,1,1
BRDA:37,6,0,0
BRDA:37,7,0,0
BRDA:37,7,1,0
BRDA:38,8,0,0
BRDA:38,9,0,0
BRDA:38,9,1,0
BRDA:39,10,0,0
BRDA:42,11,0,0
BRDA:42,11,1,0
BRDA:42,12,0,0
BRDA:42,12,1,0
BRDA:43,13,0,0
BRDA:43,13,1,0
BRDA:43,14,0,0
BRDA:43,14,1,0
BRF:25
BRH:3
end_of_record
TN:
SF:server/routers/apiRouter.ts
FNF:0
FNH:0
DA:1,1
DA:2,1
DA:3,1
DA:4,1
DA:5,1
DA:6,1
DA:7,1
DA:8,1
DA:12,1
DA:13,1
DA:14,1
DA:15,1
DA:16,1
DA:17,1
DA:19,1
LF:15
LH:15
BRF:0
BRH:0
end_of_record
TN:
SF:server/routers/clusterRouter.ts
FN:7,(anonymous_1)
FN:10,(anonymous_2)
FN:13,(anonymous_3)
FN:17,(anonymous_4)
FN:20,(anonymous_5)
FN:23,(anonymous_6)
FNF:6
FNH:6
FNDA:1,(anonymous_1)
FNDA:1,(anonymous_2)
FNDA:1,(anonymous_3)
FNDA:1,(anonymous_4)
FNDA:1,(anonymous_5)
FNDA:1,(anonymous_6)
DA:1,1
DA:3,1
DA:4,1
DA:7,1
DA:8,1
DA:10,1
DA:11,1
DA:13,1
DA:14,1
DA:17,1
DA:18,1
DA:20,1
DA:21,1
DA:23,1
DA:24,1
DA:27,1
LF:16
LH:16
BRF:0
BRH:0
end_of_record
TN:
SF:server/routers/execRouter.ts
FN:7,(anonymous_1)
FN:10,(anonymous_2)
FNF:2
FNH:0
FNDA:0,(anonymous_1)
FNDA:0,(anonymous_2)
DA:1,1
DA:3,1
DA:4,1
DA:7,1
DA:8,0
DA:10,1
DA:11,0
DA:15,1
LF:8
LH:6
BRF:0
BRH:0
end_of_record
TN:
SF:server/routers/k6Router.ts
FN:7,(anonymous_1)
FNF:1
FNH:0
FNDA:0,(anonymous_1)
DA:1,1
DA:3,1
DA:4,1
DA:7,1
DA:8,0
DA:12,1
LF:6
LH:5
BRF:0
BRH:0
end_of_record
TN:
SF:server/routers/lokiRouter.ts
FN:7,(anonymous_1)
FNF:1
FNH:0
FNDA:0,(anonymous_1)
DA:1,1
DA:3,1
DA:4,1
DA:7,1
DA:8,0
DA:12,1
LF:6
LH:5
BRF:0
BRH:0
end_of_record
TN:
SF:server/routers/mapRouter.ts
FN:16,(anonymous_1)
FNF:1
FNH:1
FNDA:1,(anonymous_1)
DA:1,1
DA:3,1
DA:4,1
DA:5,1
DA:8,1
DA:17,1
DA:22,1
LF:7
LH:7
BRF:0
BRH:0
end_of_record
TN:
SF:server/routers/promRouter.ts
FN:11,(anonymous_1)
FN:19,(anonymous_2)
FN:27,(anonymous_3)
FNF:3
FNH:0
FNDA:0,(anonymous_1)
FNDA:0,(anonymous_2)
FNDA:0,(anonymous_3)
DA:1,1
DA:3,1
DA:5,1
DA:8,1
DA:12,0
DA:16,1
DA:20,0
DA:23,1
DA:28,0
DA:31,1
LF:10
LH:7
BRF:0
BRH:0
end_of_record
